19:18:04.785 [main] INFO  testCases.TC_002LoginTest - ****Staring TC_002LoginTest *****
19:19:31.059 [main] INFO  testCases.TC_002LoginTest - ****Staring TC_002LoginTest ******* 
19:19:31.071 [main] DEBUG testCases.TC_002LoginTest - ****capturing app logs****
19:19:31.353 [main] INFO  testCases.TC_002LoginTest - Clicked on My Account
19:19:32.273 [main] INFO  testCases.TC_002LoginTest - Clicked on Login
19:19:32.278 [main] INFO  testCases.TC_002LoginTest - Entering valid email and password
19:19:32.905 [main] INFO  testCases.TC_002LoginTest - Clicked on Login
19:19:33.894 [main] INFO  testCases.TC_002LoginTest - ****Staring TC_002LoginTest *****
19:21:53.313 [main] INFO  testCases.TC_002LoginTest - ****Staring TC_002LoginTest ******* 
19:21:53.329 [main] DEBUG testCases.TC_002LoginTest - ****capturing app logs****
19:21:53.621 [main] INFO  testCases.TC_002LoginTest - Clicked on My Account
19:21:54.546 [main] INFO  testCases.TC_002LoginTest - Clicked on Login
19:21:54.550 [main] INFO  testCases.TC_002LoginTest - Entering valid email and password
19:21:55.083 [main] INFO  testCases.TC_002LoginTest - Clicked on Login
19:21:56.032 [main] INFO  testCases.TC_002LoginTest - ****Staring TC_002LoginTest *****
19:24:20.069 [main] INFO  testCases.TC_002LoginTest - ****Staring TC_002LoginTest ******* 
19:24:20.084 [main] DEBUG testCases.TC_002LoginTest - ****capturing app logs****
19:24:20.428 [main] INFO  testCases.TC_002LoginTest - Clicked on My Account
19:24:21.372 [main] INFO  testCases.TC_002LoginTest - Clicked on Login
19:24:21.376 [main] INFO  testCases.TC_002LoginTest - Entering valid email and password
19:24:21.912 [main] INFO  testCases.TC_002LoginTest - Clicked on Login
19:24:22.740 [main] INFO  testCases.TC_002LoginTest - ****Ending TC_002LoginTest *****
19:24:23.165 [main] INFO  testCases.TC_002LoginTest - Clicked on back
19:26:26.132 [main] INFO  testCases.TC_002LoginTest - ****Staring TC_002LoginTest ******* 
19:26:26.144 [main] DEBUG testCases.TC_002LoginTest - ****capturing app logs****
19:26:26.369 [main] INFO  testCases.TC_002LoginTest - Clicked on My Account
19:26:27.310 [main] INFO  testCases.TC_002LoginTest - Clicked on Login
19:26:27.318 [main] INFO  testCases.TC_002LoginTest - Entering valid email and password
19:26:27.989 [main] INFO  testCases.TC_002LoginTest - Clicked on Login
19:26:28.938 [main] INFO  testCases.TC_002LoginTest - ****Ending TC_002LoginTest *****
19:26:29.382 [main] INFO  testCases.TC_002LoginTest - Clicked on back
19:27:33.332 [main] INFO  testCases.TC_002LoginTest - ****Staring TC_002LoginTest ******* 
19:27:33.343 [main] DEBUG testCases.TC_002LoginTest - ****capturing app logs****
19:27:33.571 [main] INFO  testCases.TC_002LoginTest - Clicked on My Account
19:27:34.394 [main] INFO  testCases.TC_002LoginTest - Clicked on Login
19:27:34.398 [main] INFO  testCases.TC_002LoginTest - Entering valid email and password
19:27:34.960 [main] INFO  testCases.TC_002LoginTest - Clicked on Login
19:27:35.861 [main] INFO  testCases.TC_002LoginTest - ****Ending TC_002LoginTest *****
19:27:36.269 [main] INFO  testCases.TC_002LoginTest - Clicked on back
