22:13:58.536 [main] INFO  testCases.TC_005FlightAccount - ***clicked on accept****
22:13:59.642 [main] ERROR testCases.TC_005FlightAccount - Test is failed
22:13:59.642 [main] DEBUG testCases.TC_005FlightAccount - Test is failed
22:19:58.450 [main] INFO  testCases.TC_005FlightAccount - ****starting TC_005FlightAccount****
22:19:58.455 [main] DEBUG testCases.TC_005FlightAccount - Starting debug
22:19:58.644 [main] INFO  testCases.TC_005FlightAccount - ***clicked on accept****
22:19:59.782 [main] ERROR testCases.TC_005FlightAccount - Test is failed
22:19:59.782 [main] DEBUG testCases.TC_005FlightAccount - Test is failed
22:27:59.594 [main] INFO  testCases.TC_005FlightAccount - ****starting TC_005FlightAccount****
22:27:59.597 [main] DEBUG testCases.TC_005FlightAccount - Starting debug
22:27:59.780 [main] INFO  testCases.TC_005FlightAccount - ***clicked on accept****
22:28:00.945 [main] ERROR testCases.TC_005FlightAccount - Test is failed
22:28:00.945 [main] DEBUG testCases.TC_005FlightAccount - Test is failed
22:34:11.651 [main] INFO  testCases.TC_005FlightAccount - ****starting TC_005FlightAccount****
22:34:11.658 [main] DEBUG testCases.TC_005FlightAccount - Starting debug
22:34:11.859 [main] INFO  testCases.TC_005FlightAccount - ***clicked on accept****
22:34:13.082 [main] INFO  testCases.TC_005FlightAccount - ****clicked on My account****
22:34:13.197 [main] INFO  testCases.TC_005FlightAccount - ****clicked on Register****
22:34:13.335 [main] INFO  testCases.TC_005FlightAccount - ***clicked on i want this plan
22:34:13.335 [main] INFO  testCases.TC_005FlightAccount - ****Entering Customer Info****
11:07:57.804 [main] INFO  testCases.TC_005FlightAccount - ****starting TC_005FlightAccount****
11:07:57.814 [main] DEBUG testCases.TC_005FlightAccount - Starting debug
11:08:55.701 [main] INFO  testCases.TC_005FlightAccount - ****starting TC_005FlightAccount****
11:08:55.708 [main] DEBUG testCases.TC_005FlightAccount - Starting debug
11:21:11.298 [main] INFO  testCases.TC_005FlightAccount - ****starting TC_005FlightAccount****
11:21:11.302 [main] DEBUG testCases.TC_005FlightAccount - Starting debug
11:23:29.719 [main] INFO  testCases.TC_005FlightAccount - ****starting TC_005FlightAccount****
11:23:29.728 [main] DEBUG testCases.TC_005FlightAccount - Starting debug
14:57:40.974 [main] INFO  testCases.TC_005FlightAccount - ****starting TC_005FlightAccount****
14:57:40.979 [main] DEBUG testCases.TC_005FlightAccount - Starting debug
14:59:21.131 [main] INFO  testCases.TC_005FlightAccount - ****starting TC_005FlightAccount****
14:59:21.137 [main] DEBUG testCases.TC_005FlightAccount - Starting debug
15:04:05.365 [main] INFO  testCases.TC_005FlightAccount - ****starting TC_005FlightAccount****
15:04:05.374 [main] DEBUG testCases.TC_005FlightAccount - Starting debug
15:04:05.780 [main] INFO  testCases.TC_005FlightAccount - ****clicked on My account****
15:04:05.960 [main] INFO  testCases.TC_005FlightAccount - ****clicked on Register****
15:04:06.220 [main] INFO  testCases.TC_005FlightAccount - ***clicked on i want this plan
15:04:06.220 [main] INFO  testCases.TC_005FlightAccount - ****Entering Customer Info****
19:40:03.713 [main] INFO  testCases.TC_006Way2Account - ****starting TC_006Way2Account****
19:40:03.719 [main] DEBUG testCases.TC_006Way2Account - Starting debug
21:11:13.568 [main] INFO  testCases.TC_006Way2Account - ****starting TC_006Way2Account****
21:11:13.571 [main] DEBUG testCases.TC_006Way2Account - Starting debug
21:15:52.236 [main] INFO  testCases.TC_006Way2Account - ****starting TC_006Way2Account****
21:15:52.242 [main] DEBUG testCases.TC_006Way2Account - Starting debug
21:18:17.136 [main] INFO  testCases.TC_006Way2Account - ****starting TC_006Way2Account****
21:18:17.139 [main] DEBUG testCases.TC_006Way2Account - Starting debug
21:19:22.160 [main] INFO  testCases.TC_006Way2Account - ****starting TC_006Way2Account****
21:19:22.166 [main] DEBUG testCases.TC_006Way2Account - Starting debug
21:21:16.165 [main] INFO  testCases.TC_006Way2Account - ****starting TC_006Way2Account****
21:21:16.169 [main] DEBUG testCases.TC_006Way2Account - Starting debug
21:21:17.044 [main] INFO  testCases.TC_006Way2Account - ****finished TC_006Way2Account****
21:21:17.044 [main] DEBUG testCases.TC_006Way2Account - Starting debug
21:31:42.244 [main] INFO  testCases.TC_006Way2Account - ****starting TC_006Way2Account****
21:31:42.248 [main] DEBUG testCases.TC_006Way2Account - Starting debug
21:31:43.244 [main] INFO  testCases.TC_006Way2Account - ****finished TC_006Way2Account****
21:31:43.244 [main] DEBUG testCases.TC_006Way2Account - Starting debug
09:07:10.205 [main] INFO  testCases.TC_006Way2Account - ****starting TC_006Way2Account****
09:07:10.213 [main] DEBUG testCases.TC_006Way2Account - Starting debug
09:07:11.452 [main] INFO  testCases.TC_006Way2Account - ****finished TC_006Way2Account****
09:07:11.452 [main] DEBUG testCases.TC_006Way2Account - Starting debug
09:18:20.144 [main] INFO  testCases.TC_006Way2Account - ****starting TC_006Way2Account****
