15:40:03.232 [main] DEBUG testCases.TC_001AccountRegisterPage - Starting debug
15:40:03.337 [main] INFO  testCases.TC_001AccountRegisterPage - ****clicked on My account****
15:40:03.622 [main] INFO  testCases.TC_001AccountRegisterPage - ****clicked on Register****
15:40:03.622 [main] INFO  testCases.TC_001AccountRegisterPage - ****Entering Customer Info****
15:40:04.358 [main] INFO  testCases.TC_001AccountRegisterPage - ****clicked on Continue****
15:40:04.723 [main] INFO  testCases.TC_001AccountRegisterPage - Validating expected message
15:40:06.867 [main] INFO  testCases.TC_002LoginTest - ****Staring TC_002LoginTest ******* 
15:40:06.867 [main] DEBUG testCases.TC_002LoginTest - ****capturing app logs****
15:40:06.933 [main] INFO  testCases.TC_002LoginTest - Clicked on My Account
15:40:07.198 [main] INFO  testCases.TC_002LoginTest - Clicked on Login
15:40:07.202 [main] INFO  testCases.TC_002LoginTest - Entering valid email and password
15:40:07.423 [main] INFO  testCases.TC_002LoginTest - Clicked on Login
15:42:17.812 [main] INFO  testCases.TC_002LoginTest - ****Staring TC_002LoginTest ******* 
15:42:17.816 [main] DEBUG testCases.TC_002LoginTest - ****capturing app logs****
15:42:17.897 [main] INFO  testCases.TC_002LoginTest - Clicked on My Account
15:42:18.229 [main] INFO  testCases.TC_002LoginTest - Clicked on Login
15:42:18.231 [main] INFO  testCases.TC_002LoginTest - Entering valid email and password
15:42:18.436 [main] INFO  testCases.TC_002LoginTest - Clicked on Login
15:42:18.728 [main] INFO  testCases.TC_002LoginTest - ****Staring TC_002LoginTest *****
15:42:20.772 [main] INFO  testCases.TC_001AccountRegisterPage - ****starting TC_001AccountRegisterPage****
15:42:20.772 [main] DEBUG testCases.TC_001AccountRegisterPage - Starting debug
15:42:20.830 [main] INFO  testCases.TC_001AccountRegisterPage - ****clicked on My account****
15:42:21.112 [main] INFO  testCases.TC_001AccountRegisterPage - ****clicked on Register****
15:42:21.112 [main] INFO  testCases.TC_001AccountRegisterPage - ****Entering Customer Info****
15:42:21.849 [main] INFO  testCases.TC_001AccountRegisterPage - ****clicked on Continue****
15:42:22.195 [main] INFO  testCases.TC_001AccountRegisterPage - Validating expected message
15:42:22.195 [main] DEBUG testCases.TC_001AccountRegisterPage - ***Debug finished
15:42:22.195 [main] INFO  testCases.TC_001AccountRegisterPage - ****finishing TC_001AccountRegisterPage****
15:49:09.434 [main] INFO  testCases.TC_001AccountRegisterPage - ****starting TC_001AccountRegisterPage****
15:49:09.437 [main] DEBUG testCases.TC_001AccountRegisterPage - Starting debug
15:49:09.535 [main] INFO  testCases.TC_001AccountRegisterPage - ****clicked on My account****
15:49:09.890 [main] INFO  testCases.TC_001AccountRegisterPage - ****clicked on Register****
15:49:09.890 [main] INFO  testCases.TC_001AccountRegisterPage - ****Entering Customer Info****
15:49:10.634 [main] INFO  testCases.TC_001AccountRegisterPage - ****clicked on Continue****
15:49:11.010 [main] INFO  testCases.TC_001AccountRegisterPage - Validating expected message
15:49:11.012 [main] DEBUG testCases.TC_001AccountRegisterPage - ***Debug finished
15:49:11.012 [main] INFO  testCases.TC_001AccountRegisterPage - ****finishing TC_001AccountRegisterPage****
15:49:13.124 [main] INFO  testCases.TC_002LoginTest - ****Staring TC_002LoginTest ******* 
15:49:13.124 [main] DEBUG testCases.TC_002LoginTest - ****capturing app logs****
15:49:13.183 [main] INFO  testCases.TC_002LoginTest - Clicked on My Account
15:49:13.403 [main] INFO  testCases.TC_002LoginTest - Clicked on Login
15:49:13.405 [main] INFO  testCases.TC_002LoginTest - Entering valid email and password
15:49:13.649 [main] INFO  testCases.TC_002LoginTest - Clicked on Login
15:49:13.946 [main] INFO  testCases.TC_002LoginTest - ****Staring TC_002LoginTest *****
19:19:11.340 [main] INFO  testCases.TC_001AccountRegisterPage - ****starting TC_001AccountRegisterPage****
19:19:11.346 [main] DEBUG testCases.TC_001AccountRegisterPage - Starting debug
19:19:11.478 [main] INFO  testCases.TC_001AccountRegisterPage - ****clicked on My account****
19:19:11.894 [main] INFO  testCases.TC_001AccountRegisterPage - ****clicked on Register****
19:19:11.894 [main] INFO  testCases.TC_001AccountRegisterPage - ****Entering Customer Info****
19:19:12.726 [main] INFO  testCases.TC_001AccountRegisterPage - ****clicked on Continue****
19:19:13.149 [main] INFO  testCases.TC_001AccountRegisterPage - Validating expected message
19:19:13.151 [main] DEBUG testCases.TC_001AccountRegisterPage - ***Debug finished
19:19:13.151 [main] INFO  testCases.TC_001AccountRegisterPage - ****finishing TC_001AccountRegisterPage****
19:19:15.549 [main] INFO  testCases.TC_002LoginTest - ****Staring TC_002LoginTest ******* 
19:19:15.549 [main] DEBUG testCases.TC_002LoginTest - ****capturing app logs****
19:19:15.620 [main] INFO  testCases.TC_002LoginTest - Clicked on My Account
19:19:15.903 [main] INFO  testCases.TC_002LoginTest - Clicked on Login
